<?xml version="1.0" encoding="UTF-8"?>
<!-- Generated by org.testng.reporters.JUnitReportReporter -->
<testsuite hostname="DEXP" name="ua.pp.krotov.TestIntegration" tests="1" failures="0" timestamp="12 Oct 2016 12:55:46 GMT" time="5.859" errors="0">
  <testcase name="gotoSeleniumWikiPage" time="5.859" classname="ua.pp.krotov.TestIntegration"/>
</testsuite> <!-- ua.pp.krotov.TestIntegration -->
