<?xml version="1.0" encoding="UTF-8"?>
<!-- Generated by org.testng.reporters.JUnitReportReporter -->
<testsuite hostname="DEXP" name="ua.pp.krotov.TestIntegration" tests="1" failures="0" timestamp="20 Oct 2016 08:51:32 GMT" time="6.493" errors="0">
  <testcase name="gotoSeleniumPage" time="6.493" classname="ua.pp.krotov.TestIntegration"/>
</testsuite> <!-- ua.pp.krotov.TestIntegration -->
